[debug] [2023-03-29T04:04:35.941Z] ----------------------------------------------------------------------
[debug] [2023-03-29T04:04:35.942Z] Command:       C:\Program Files\nodejs\node.exe C:\Users\jhhar\AppData\Roaming\npm\node_modules\firebase-tools\lib\bin\firebase.js init
[debug] [2023-03-29T04:04:35.942Z] CLI Version:   11.25.2
[debug] [2023-03-29T04:04:35.943Z] Platform:      win32
[debug] [2023-03-29T04:04:35.943Z] Node Version:  v18.15.0
[debug] [2023-03-29T04:04:35.943Z] Time:          Tue Mar 28 2023 21:04:35 GMT-0700 (Pacific Daylight Time)
[debug] [2023-03-29T04:04:35.943Z] ----------------------------------------------------------------------
[debug] 
[debug] [2023-03-29T04:04:35.947Z] > command requires scopes: ["email","openid","https://www.googleapis.com/auth/cloudplatformprojects.readonly","https://www.googleapis.com/auth/firebase","https://www.googleapis.com/auth/cloud-platform"]
[debug] [2023-03-29T04:04:35.947Z] > authorizing via signed-in user (jhhardyiii@gmail.com)
[info] 
     ######## #### ########  ######## ########     ###     ######  ########
     ##        ##  ##     ## ##       ##     ##  ##   ##  ##       ##
     ######    ##  ########  ######   ########  #########  ######  ######
     ##        ##  ##    ##  ##       ##     ## ##     ##       ## ##
     ##       #### ##     ## ######## ########  ##     ##  ######  ########

You're about to initialize a Firebase project in this directory:

  D:\Dropbox\Programming\JavaScript-HTML\Exploration Card Game

[info] 
=== Project Setup
[info] 
[info] First, let's associate this project directory with a Firebase project.
[info] You can create multiple project aliases by running firebase use --add, 
[info] but for now we'll just set up a default project.
[info] 
[debug] [2023-03-29T04:06:46.765Z] >>> [apiv2][query] GET https://firebase.googleapis.com/v1beta1/projects pageSize=100
[debug] [2023-03-29T04:06:47.219Z] <<< [apiv2][status] GET https://firebase.googleapis.com/v1beta1/projects 200
[debug] [2023-03-29T04:06:47.219Z] <<< [apiv2][body] GET https://firebase.googleapis.com/v1beta1/projects [omitted]
[info] i  Using project deeper-paths (Deeper Paths) 
[info] 
=== Hosting Setup
[info] 
[info] Your public directory is the folder (relative to your project directory) that
[info] will contain Hosting assets to be uploaded with firebase deploy. If you
[info] have a build process for your assets, use your build's output directory.
[info] 
[info] +  Wrote public/404.html 
[debug] [2023-03-29T04:07:40.153Z] >>> [apiv2][query] GET https://www.gstatic.com/firebasejs/releases.json [none]
[debug] [2023-03-29T04:07:40.230Z] <<< [apiv2][status] GET https://www.gstatic.com/firebasejs/releases.json 200
[debug] [2023-03-29T04:07:40.230Z] <<< [apiv2][body] GET https://www.gstatic.com/firebasejs/releases.json {"current":{"version":"9.18.0","browserURL":"https://www.gstatic.com/firebasejs/9.18.0/firebase.js","packageURL":"https://www.gstatic.com/firebasejs/9.18.0/firebase.tgz"},"live":{"version":"9.18","browserURL":"https://www.gstatic.com/firebasejs/live/9.18/firebase.js","packageURL":"https://www.gstatic.com/firebasejs/live/9.18/firebase.tgz"},"components":{"analytics":"https://www.gstatic.com/firebasejs/9.18.0/firebase-analytics.js","app":"https://www.gstatic.com/firebasejs/9.18.0/firebase-app.js","app-check":"https://www.gstatic.com/firebasejs/9.18.0/firebase-app-check.js","auth":"https://www.gstatic.com/firebasejs/9.18.0/firebase-auth.js","auth/cordova":"https://www.gstatic.com/firebasejs/9.18.0/firebase-auth/cordova.js","auth/react-native":"https://www.gstatic.com/firebasejs/9.18.0/firebase-auth/react-native.js","functions":"https://www.gstatic.com/firebasejs/9.18.0/firebase-functions.js","firestore":"https://www.gstatic.com/firebasejs/9.18.0/firebase-firestore.js","firestore/lite":"https://www.gstatic.com/firebasejs/9.18.0/firebase-firestore/lite.js","installations":"https://www.gstatic.com/firebasejs/9.18.0/firebase-installations.js","storage":"https://www.gstatic.com/firebasejs/9.18.0/firebase-storage.js","performance":"https://www.gstatic.com/firebasejs/9.18.0/firebase-performance.js","remote-config":"https://www.gstatic.com/firebasejs/9.18.0/firebase-remote-config.js","messaging":"https://www.gstatic.com/firebasejs/9.18.0/firebase-messaging.js","messaging/sw":"https://www.gstatic.com/firebasejs/9.18.0/firebase-messaging/sw.js","database":"https://www.gstatic.com/firebasejs/9.18.0/firebase-database.js","firestore.memory":"https://www.gstatic.com/firebasejs/9.18.0/firebase-firestore.memory.js"}}
[info] +  Wrote public/index.html 
[info] 
[info] i  Didn't detect a .git folder. Assuming D:\Dropbox\Programming\JavaScript-HTML\Exploration Card Game is the project root. 
[info] i  Authorizing with GitHub to upload your service account to a GitHub repository's secrets store. 
[info] 
[info] Visit this URL on this device to log in:
[info] https://github.com/login/oauth/authorize?client_id=89cf50f02ac6aaed3484&state=637668801&redirect_uri=http%3A%2F%2Flocalhost%3A9005&scope=read%3Auser%20repo%20public_repo
[info] 
[info] Waiting for authentication...
[debug] [2023-03-29T04:09:00.768Z] >>> [apiv2][query] POST https://github.com/login/oauth/access_token [none]
[debug] [2023-03-29T04:09:00.768Z] >>> [apiv2][body] POST https://github.com/login/oauth/access_token [stream]
[debug] [2023-03-29T04:09:01.013Z] <<< [apiv2][status] POST https://github.com/login/oauth/access_token 200
[debug] [2023-03-29T04:09:01.013Z] <<< [apiv2][body] POST https://github.com/login/oauth/access_token {"access_token":"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","token_type":"bearer","scope":"read:user,repo"}
[debug] [2023-03-29T04:09:01.015Z] >>> [apiv2][query] GET https://api.github.com/user [none]
[debug] [2023-03-29T04:09:01.284Z] <<< [apiv2][status] GET https://api.github.com/user 200
[debug] [2023-03-29T04:09:01.284Z] <<< [apiv2][body] GET https://api.github.com/user {"login":"jhhardy","id":129249762,"node_id":"U_kgDOB7Qx4g","avatar_url":"https://avatars.githubusercontent.com/u/129249762?v=4","gravatar_id":"","url":"https://api.github.com/users/jhhardy","html_url":"https://github.com/jhhardy","followers_url":"https://api.github.com/users/jhhardy/followers","following_url":"https://api.github.com/users/jhhardy/following{/other_user}","gists_url":"https://api.github.com/users/jhhardy/gists{/gist_id}","starred_url":"https://api.github.com/users/jhhardy/starred{/owner}{/repo}","subscriptions_url":"https://api.github.com/users/jhhardy/subscriptions","organizations_url":"https://api.github.com/users/jhhardy/orgs","repos_url":"https://api.github.com/users/jhhardy/repos","events_url":"https://api.github.com/users/jhhardy/events{/privacy}","received_events_url":"https://api.github.com/users/jhhardy/received_events","type":"User","site_admin":false,"name":null,"company":null,"blog":"","location":null,"email":null,"hireable":null,"bio":null,"twitter_username":null,"public_repos":0,"public_gists":0,"followers":0,"following":0,"created_at":"2023-03-29T04:08:43Z","updated_at":"2023-03-29T04:08:43Z","private_gists":0,"total_private_repos":0,"owned_private_repos":0,"disk_usage":0,"collaborators":0,"two_factor_authentication":false,"plan":{"name":"free","space":976562499,"collaborators":0,"private_repos":10000}}
[info] 
[info] +  Success! Logged into GitHub as jhhardy 
[info] 
[debug] [2023-03-29T04:10:10.713Z] >>> [apiv2][query] GET https://api.github.com/repos/https://github.com/jhhardy/DeeperPaths.git/actions/secrets/public-key type=owner
[debug] [2023-03-29T04:10:10.917Z] <<< [apiv2][status] GET https://api.github.com/repos/https://github.com/jhhardy/DeeperPaths.git/actions/secrets/public-key 404
[debug] [2023-03-29T04:10:10.917Z] <<< [apiv2][body] GET https://api.github.com/repos/https://github.com/jhhardy/DeeperPaths.git/actions/secrets/public-key {"message":"Not Found","documentation_url":"https://docs.github.com/rest"}
[debug] [2023-03-29T04:10:46.685Z] >>> [apiv2][query] GET https://api.github.com/repos/https://github.com/jhhardy/DeeperPaths/actions/secrets/public-key type=owner
[debug] [2023-03-29T04:10:46.854Z] <<< [apiv2][status] GET https://api.github.com/repos/https://github.com/jhhardy/DeeperPaths/actions/secrets/public-key 404
[debug] [2023-03-29T04:10:46.854Z] <<< [apiv2][body] GET https://api.github.com/repos/https://github.com/jhhardy/DeeperPaths/actions/secrets/public-key {"message":"Not Found","documentation_url":"https://docs.github.com/rest"}
[debug] [2023-03-29T04:22:35.668Z] >>> [apiv2][query] GET https://api.github.com/repos/https://github.com/jhhardy/DeeperPaths.git/actions/secrets/public-key type=owner
[debug] [2023-03-29T04:22:35.839Z] <<< [apiv2][status] GET https://api.github.com/repos/https://github.com/jhhardy/DeeperPaths.git/actions/secrets/public-key 404
[debug] [2023-03-29T04:22:35.839Z] <<< [apiv2][body] GET https://api.github.com/repos/https://github.com/jhhardy/DeeperPaths.git/actions/secrets/public-key {"message":"Not Found","documentation_url":"https://docs.github.com/rest"}
[debug] [2023-03-29T04:22:36.750Z] >>> [apiv2][query] GET https://api.github.com/repos/https://github.com/jhhardy/DeeperPaths.git/actions/secrets/public-key type=owner
[debug] [2023-03-29T04:22:36.907Z] <<< [apiv2][status] GET https://api.github.com/repos/https://github.com/jhhardy/DeeperPaths.git/actions/secrets/public-key 404
[debug] [2023-03-29T04:22:36.907Z] <<< [apiv2][body] GET https://api.github.com/repos/https://github.com/jhhardy/DeeperPaths.git/actions/secrets/public-key {"message":"Not Found","documentation_url":"https://docs.github.com/rest"}
[debug] [2023-03-29T04:22:58.901Z] >>> [apiv2][query] GET https://api.github.com/repos/jhhardy/DeeperPaths.git/actions/secrets/public-key type=owner
[debug] [2023-03-29T04:22:59.077Z] <<< [apiv2][status] GET https://api.github.com/repos/jhhardy/DeeperPaths.git/actions/secrets/public-key 404
[debug] [2023-03-29T04:22:59.077Z] <<< [apiv2][body] GET https://api.github.com/repos/jhhardy/DeeperPaths.git/actions/secrets/public-key {"message":"Not Found","documentation_url":"https://docs.github.com/rest/reference/actions#get-a-repository-public-key"}
[debug] [2023-03-29T04:23:00.226Z] >>> [apiv2][query] GET https://api.github.com/repos/jhhardy/DeeperPaths.git/actions/secrets/public-key type=owner
[debug] [2023-03-29T04:23:00.388Z] <<< [apiv2][status] GET https://api.github.com/repos/jhhardy/DeeperPaths.git/actions/secrets/public-key 404
[debug] [2023-03-29T04:23:00.388Z] <<< [apiv2][body] GET https://api.github.com/repos/jhhardy/DeeperPaths.git/actions/secrets/public-key {"message":"Not Found","documentation_url":"https://docs.github.com/rest/reference/actions#get-a-repository-public-key"}
[debug] [2023-03-29T04:23:00.507Z] >>> [apiv2][query] GET https://api.github.com/repos/jhhardy/DeeperPaths.git/actions/secrets/public-key type=owner
[debug] [2023-03-29T04:23:00.678Z] <<< [apiv2][status] GET https://api.github.com/repos/jhhardy/DeeperPaths.git/actions/secrets/public-key 404
[debug] [2023-03-29T04:23:00.678Z] <<< [apiv2][body] GET https://api.github.com/repos/jhhardy/DeeperPaths.git/actions/secrets/public-key {"message":"Not Found","documentation_url":"https://docs.github.com/rest/reference/actions#get-a-repository-public-key"}
[debug] [2023-03-29T04:23:00.764Z] >>> [apiv2][query] GET https://api.github.com/repos/jhhardy/DeeperPaths.git/actions/secrets/public-key type=owner
[debug] [2023-03-29T04:23:00.940Z] <<< [apiv2][status] GET https://api.github.com/repos/jhhardy/DeeperPaths.git/actions/secrets/public-key 404
[debug] [2023-03-29T04:23:00.940Z] <<< [apiv2][body] GET https://api.github.com/repos/jhhardy/DeeperPaths.git/actions/secrets/public-key {"message":"Not Found","documentation_url":"https://docs.github.com/rest/reference/actions#get-a-repository-public-key"}
[debug] [2023-03-29T04:23:01.017Z] >>> [apiv2][query] GET https://api.github.com/repos/jhhardy/DeeperPaths.git/actions/secrets/public-key type=owner
[debug] [2023-03-29T04:23:01.214Z] <<< [apiv2][status] GET https://api.github.com/repos/jhhardy/DeeperPaths.git/actions/secrets/public-key 404
[debug] [2023-03-29T04:23:01.214Z] <<< [apiv2][body] GET https://api.github.com/repos/jhhardy/DeeperPaths.git/actions/secrets/public-key {"message":"Not Found","documentation_url":"https://docs.github.com/rest/reference/actions#get-a-repository-public-key"}
[debug] [2023-03-29T04:23:29.559Z] >>> [apiv2][query] GET https://api.github.com/repos/git remote add origin https://github.com/jhhardy/DeeperPaths.git/actions/secrets/public-key type=owner
[debug] [2023-03-29T04:23:29.732Z] <<< [apiv2][status] GET https://api.github.com/repos/git remote add origin https://github.com/jhhardy/DeeperPaths.git/actions/secrets/public-key 404
[debug] [2023-03-29T04:23:29.732Z] <<< [apiv2][body] GET https://api.github.com/repos/git remote add origin https://github.com/jhhardy/DeeperPaths.git/actions/secrets/public-key {"message":"Not Found","documentation_url":"https://docs.github.com/rest"}
[debug] [2023-03-29T04:23:53.039Z] >>> [apiv2][query] GET https://api.github.com/repos/DeeperPaths.git/actions/secrets/public-key type=owner
[debug] [2023-03-29T04:23:53.201Z] <<< [apiv2][status] GET https://api.github.com/repos/DeeperPaths.git/actions/secrets/public-key 404
[debug] [2023-03-29T04:23:53.201Z] <<< [apiv2][body] GET https://api.github.com/repos/DeeperPaths.git/actions/secrets/public-key {"message":"Not Found","documentation_url":"https://docs.github.com/rest"}
[debug] [2023-03-29T04:23:53.538Z] >>> [apiv2][query] GET https://api.github.com/repos/DeeperPaths.git/actions/secrets/public-key type=owner
[debug] [2023-03-29T04:23:53.712Z] <<< [apiv2][status] GET https://api.github.com/repos/DeeperPaths.git/actions/secrets/public-key 404
[debug] [2023-03-29T04:23:53.712Z] <<< [apiv2][body] GET https://api.github.com/repos/DeeperPaths.git/actions/secrets/public-key {"message":"Not Found","documentation_url":"https://docs.github.com/rest"}
[debug] [2023-03-29T04:23:53.739Z] >>> [apiv2][query] GET https://api.github.com/repos/DeeperPaths.git/actions/secrets/public-key type=owner
[debug] [2023-03-29T04:23:53.903Z] <<< [apiv2][status] GET https://api.github.com/repos/DeeperPaths.git/actions/secrets/public-key 404
[debug] [2023-03-29T04:23:53.903Z] <<< [apiv2][body] GET https://api.github.com/repos/DeeperPaths.git/actions/secrets/public-key {"message":"Not Found","documentation_url":"https://docs.github.com/rest"}
[debug] [2023-03-29T04:23:55.714Z] >>> [apiv2][query] GET https://api.github.com/repos/DeeperPaths.git/actions/secrets/public-key type=owner
[debug] [2023-03-29T04:23:55.872Z] <<< [apiv2][status] GET https://api.github.com/repos/DeeperPaths.git/actions/secrets/public-key 404
[debug] [2023-03-29T04:23:55.872Z] <<< [apiv2][body] GET https://api.github.com/repos/DeeperPaths.git/actions/secrets/public-key {"message":"Not Found","documentation_url":"https://docs.github.com/rest"}
[debug] [2023-03-29T04:23:55.937Z] >>> [apiv2][query] GET https://api.github.com/repos/DeeperPaths.git/actions/secrets/public-key type=owner
[debug] [2023-03-29T04:23:56.110Z] <<< [apiv2][status] GET https://api.github.com/repos/DeeperPaths.git/actions/secrets/public-key 404
[debug] [2023-03-29T04:23:56.110Z] <<< [apiv2][body] GET https://api.github.com/repos/DeeperPaths.git/actions/secrets/public-key {"message":"Not Found","documentation_url":"https://docs.github.com/rest"}
[debug] [2023-03-29T04:23:56.243Z] >>> [apiv2][query] GET https://api.github.com/repos/DeeperPaths.git/actions/secrets/public-key type=owner
[debug] [2023-03-29T04:23:56.405Z] <<< [apiv2][status] GET https://api.github.com/repos/DeeperPaths.git/actions/secrets/public-key 404
[debug] [2023-03-29T04:23:56.405Z] <<< [apiv2][body] GET https://api.github.com/repos/DeeperPaths.git/actions/secrets/public-key {"message":"Not Found","documentation_url":"https://docs.github.com/rest"}
[debug] [2023-03-29T04:24:05.797Z] >>> [apiv2][query] GET https://api.github.com/repos/jhhardy/DeeperPaths.git/actions/secrets/public-key type=owner
[debug] [2023-03-29T04:24:05.964Z] <<< [apiv2][status] GET https://api.github.com/repos/jhhardy/DeeperPaths.git/actions/secrets/public-key 404
[debug] [2023-03-29T04:24:05.964Z] <<< [apiv2][body] GET https://api.github.com/repos/jhhardy/DeeperPaths.git/actions/secrets/public-key {"message":"Not Found","documentation_url":"https://docs.github.com/rest/reference/actions#get-a-repository-public-key"}
[debug] [2023-03-29T04:24:06.363Z] >>> [apiv2][query] GET https://api.github.com/repos/jhhardy/DeeperPaths.git/actions/secrets/public-key type=owner
[debug] [2023-03-29T04:24:06.527Z] <<< [apiv2][status] GET https://api.github.com/repos/jhhardy/DeeperPaths.git/actions/secrets/public-key 404
[debug] [2023-03-29T04:24:06.527Z] <<< [apiv2][body] GET https://api.github.com/repos/jhhardy/DeeperPaths.git/actions/secrets/public-key {"message":"Not Found","documentation_url":"https://docs.github.com/rest/reference/actions#get-a-repository-public-key"}
[debug] [2023-03-29T04:24:06.656Z] >>> [apiv2][query] GET https://api.github.com/repos/jhhardy/DeeperPaths.git/actions/secrets/public-key type=owner
[debug] [2023-03-29T04:24:06.820Z] <<< [apiv2][status] GET https://api.github.com/repos/jhhardy/DeeperPaths.git/actions/secrets/public-key 404
[debug] [2023-03-29T04:24:06.820Z] <<< [apiv2][body] GET https://api.github.com/repos/jhhardy/DeeperPaths.git/actions/secrets/public-key {"message":"Not Found","documentation_url":"https://docs.github.com/rest/reference/actions#get-a-repository-public-key"}
[debug] [2023-03-29T04:24:06.855Z] >>> [apiv2][query] GET https://api.github.com/repos/jhhardy/DeeperPaths.git/actions/secrets/public-key type=owner
[debug] [2023-03-29T04:24:07.014Z] <<< [apiv2][status] GET https://api.github.com/repos/jhhardy/DeeperPaths.git/actions/secrets/public-key 404
[debug] [2023-03-29T04:24:07.014Z] <<< [apiv2][body] GET https://api.github.com/repos/jhhardy/DeeperPaths.git/actions/secrets/public-key {"message":"Not Found","documentation_url":"https://docs.github.com/rest/reference/actions#get-a-repository-public-key"}
[debug] [2023-03-29T04:24:07.038Z] >>> [apiv2][query] GET https://api.github.com/repos/jhhardy/DeeperPaths.git/actions/secrets/public-key type=owner
[debug] [2023-03-29T04:24:07.195Z] <<< [apiv2][status] GET https://api.github.com/repos/jhhardy/DeeperPaths.git/actions/secrets/public-key 404
[debug] [2023-03-29T04:24:07.195Z] <<< [apiv2][body] GET https://api.github.com/repos/jhhardy/DeeperPaths.git/actions/secrets/public-key {"message":"Not Found","documentation_url":"https://docs.github.com/rest/reference/actions#get-a-repository-public-key"}
[debug] [2023-03-29T04:24:07.208Z] >>> [apiv2][query] GET https://api.github.com/repos/jhhardy/DeeperPaths.git/actions/secrets/public-key type=owner
[debug] [2023-03-29T04:24:07.382Z] <<< [apiv2][status] GET https://api.github.com/repos/jhhardy/DeeperPaths.git/actions/secrets/public-key 404
[debug] [2023-03-29T04:24:07.382Z] <<< [apiv2][body] GET https://api.github.com/repos/jhhardy/DeeperPaths.git/actions/secrets/public-key {"message":"Not Found","documentation_url":"https://docs.github.com/rest/reference/actions#get-a-repository-public-key"}
[debug] [2023-03-29T04:24:07.398Z] >>> [apiv2][query] GET https://api.github.com/repos/jhhardy/DeeperPaths.git/actions/secrets/public-key type=owner
[debug] [2023-03-29T04:24:07.563Z] <<< [apiv2][status] GET https://api.github.com/repos/jhhardy/DeeperPaths.git/actions/secrets/public-key 404
[debug] [2023-03-29T04:24:07.564Z] <<< [apiv2][body] GET https://api.github.com/repos/jhhardy/DeeperPaths.git/actions/secrets/public-key {"message":"Not Found","documentation_url":"https://docs.github.com/rest/reference/actions#get-a-repository-public-key"}
